<?xml version="1.0" encoding="UTF-8"?>
<testng-results skipped="0" failed="0" total="0" passed="0">
  <reporter-output>
  </reporter-output>
  <suite name="GoogleHomePageTest" duration-ms="3" started-at="2018-06-27T09:09:27Z" finished-at="2018-06-27T09:09:27Z">
    <groups>
    </groups>
    <test name="Command line test" duration-ms="3" started-at="2018-06-27T09:09:27Z" finished-at="2018-06-27T09:09:27Z">
    </test> <!-- Command line test -->
  </suite> <!-- GoogleHomePageTest -->
</testng-results>
